<?xml version="1.0" encoding="UTF-8"?>
<testng-results skipped="0" failed="3" ignored="0" total="3" passed="0">
  <reporter-output>
  </reporter-output>
  <suite name="Default suite" duration-ms="7557" started-at="2021-03-17T18:14:09Z" finished-at="2021-03-17T18:14:17Z">
    <groups>
    </groups>
    <test name="Default test" duration-ms="7557" started-at="2021-03-17T18:14:09Z" finished-at="2021-03-17T18:14:17Z">
      <class name="System.DifferentBrowser">
        <test-method status="FAIL" signature="OpenGoogle()[pri:1, instance:System.DifferentBrowser@51efea79]" name="OpenGoogle" duration-ms="4330" started-at="2021-03-17T18:14:09Z" finished-at="2021-03-17T18:14:13Z">
          <exception class="org.openqa.selenium.SessionNotCreatedException">
            <message>
              <![CDATA[session not created: This version of ChromeDriver only supports Chrome version 87
Current browser version is 89.0.4389.82 with binary path C:\Program Files (x86)\Google\Chrome\Application\chrome.exe
Build info: version: '3.141.59', revision: 'e82be7d358', time: '2018-11-14T08:25:53'
System info: host: 'DESKTOP-A8AF0PQ', ip: '192.168.1.11', os.name: 'Windows 10', os.arch: 'amd64', os.version: '10.0', java.version: '1.8.0_281'
Driver info: driver.version: ChromeDriver
remote stacktrace: Backtrace:
Ordinal0 [0x0113C0C3+3326147]
Ordinal0 [0x01020851+2164817]
Ordinal0 [0x00EA7298+619160]
Ordinal0 [0x00E21D92+73106]
Ordinal0 [0x00E1E119+57625]
Ordinal0 [0x00E1C38A+50058]
Ordinal0 [0x00E45F3E+220990]
Ordinal0 [0x00E45CAC+220332]
Ordinal0 [0x00E4189B+202907]
Ordinal0 [0x00E23DF4+81396]
Ordinal0 [0x00E24DEE+85486]
Ordinal0 [0x00E24D79+85369]
Ordinal0 [0x010385DC+2262492]
GetHandleVerifier [0x012C2874+1487204]
GetHandleVerifier [0x012C23CD+1486013]
GetHandleVerifier [0x012CA368+1518680]
GetHandleVerifier [0x012C2F4E+1488958]
Ordinal0 [0x0102ED0D+2223373]
Ordinal0 [0x0103A12B+2269483]
Ordinal0 [0x0103A26F+2269807]
Ordinal0 [0x0104ECB8+2354360]
BaseThreadInitThunk [0x74D2FA29+25]
RtlGetAppContainerNamedObjectPath [0x76EC7C7E+286]
RtlGetAppContainerNamedObjectPath [0x76EC7C4E+238]
]]>
            </message>
            <full-stacktrace>
              <![CDATA[org.openqa.selenium.SessionNotCreatedException: session not created: This version of ChromeDriver only supports Chrome version 87
Current browser version is 89.0.4389.82 with binary path C:\Program Files (x86)\Google\Chrome\Application\chrome.exe
Build info: version: '3.141.59', revision: 'e82be7d358', time: '2018-11-14T08:25:53'
System info: host: 'DESKTOP-A8AF0PQ', ip: '192.168.1.11', os.name: 'Windows 10', os.arch: 'amd64', os.version: '10.0', java.version: '1.8.0_281'
Driver info: driver.version: ChromeDriver
remote stacktrace: Backtrace:
Ordinal0 [0x0113C0C3+3326147]
Ordinal0 [0x01020851+2164817]
Ordinal0 [0x00EA7298+619160]
Ordinal0 [0x00E21D92+73106]
Ordinal0 [0x00E1E119+57625]
Ordinal0 [0x00E1C38A+50058]
Ordinal0 [0x00E45F3E+220990]
Ordinal0 [0x00E45CAC+220332]
Ordinal0 [0x00E4189B+202907]
Ordinal0 [0x00E23DF4+81396]
Ordinal0 [0x00E24DEE+85486]
Ordinal0 [0x00E24D79+85369]
Ordinal0 [0x010385DC+2262492]
GetHandleVerifier [0x012C2874+1487204]
GetHandleVerifier [0x012C23CD+1486013]
GetHandleVerifier [0x012CA368+1518680]
GetHandleVerifier [0x012C2F4E+1488958]
Ordinal0 [0x0102ED0D+2223373]
Ordinal0 [0x0103A12B+2269483]
Ordinal0 [0x0103A26F+2269807]
Ordinal0 [0x0104ECB8+2354360]
BaseThreadInitThunk [0x74D2FA29+25]
RtlGetAppContainerNamedObjectPath [0x76EC7C7E+286]
RtlGetAppContainerNamedObjectPath [0x76EC7C4E+238]

at sun.reflect.NativeConstructorAccessorImpl.newInstance0(Native Method)
at sun.reflect.NativeConstructorAccessorImpl.newInstance(Unknown Source)
at sun.reflect.DelegatingConstructorAccessorImpl.newInstance(Unknown Source)
at java.lang.reflect.Constructor.newInstance(Unknown Source)
at org.openqa.selenium.remote.W3CHandshakeResponse.lambda$errorHandler$0(W3CHandshakeResponse.java:62)
at org.openqa.selenium.remote.HandshakeResponse.lambda$getResponseFunction$0(HandshakeResponse.java:30)
at org.openqa.selenium.remote.ProtocolHandshake.lambda$createSession$0(ProtocolHandshake.java:126)
at java.util.stream.ReferencePipeline$3$1.accept(Unknown Source)
at java.util.Spliterators$ArraySpliterator.tryAdvance(Unknown Source)
at java.util.stream.ReferencePipeline.forEachWithCancel(Unknown Source)
at java.util.stream.AbstractPipeline.copyIntoWithCancel(Unknown Source)
at java.util.stream.AbstractPipeline.copyInto(Unknown Source)
at java.util.stream.AbstractPipeline.wrapAndCopyInto(Unknown Source)
at java.util.stream.FindOps$FindOp.evaluateSequential(Unknown Source)
at java.util.stream.AbstractPipeline.evaluate(Unknown Source)
at java.util.stream.ReferencePipeline.findFirst(Unknown Source)
at org.openqa.selenium.remote.ProtocolHandshake.createSession(ProtocolHandshake.java:128)
at org.openqa.selenium.remote.ProtocolHandshake.createSession(ProtocolHandshake.java:74)
at org.openqa.selenium.remote.HttpCommandExecutor.execute(HttpCommandExecutor.java:136)
at org.openqa.selenium.remote.service.DriverCommandExecutor.execute(DriverCommandExecutor.java:83)
at org.openqa.selenium.remote.RemoteWebDriver.execute(RemoteWebDriver.java:552)
at org.openqa.selenium.remote.RemoteWebDriver.startSession(RemoteWebDriver.java:213)
at org.openqa.selenium.remote.RemoteWebDriver.<init>(RemoteWebDriver.java:131)
at org.openqa.selenium.chrome.ChromeDriver.<init>(ChromeDriver.java:181)
at org.openqa.selenium.chrome.ChromeDriver.<init>(ChromeDriver.java:168)
at org.openqa.selenium.chrome.ChromeDriver.<init>(ChromeDriver.java:123)
at System.DifferentBrowser.OpenGoogle(DifferentBrowser.java:12)
at sun.reflect.NativeMethodAccessorImpl.invoke0(Native Method)
at sun.reflect.NativeMethodAccessorImpl.invoke(Unknown Source)
at sun.reflect.DelegatingMethodAccessorImpl.invoke(Unknown Source)
at java.lang.reflect.Method.invoke(Unknown Source)
at org.testng.internal.MethodInvocationHelper.invokeMethod(MethodInvocationHelper.java:124)
at org.testng.internal.Invoker.invokeMethod(Invoker.java:583)
at org.testng.internal.Invoker.invokeTestMethod(Invoker.java:719)
at org.testng.internal.Invoker.invokeTestMethods(Invoker.java:989)
at org.testng.internal.TestMethodWorker.invokeTestMethods(TestMethodWorker.java:125)
at org.testng.internal.TestMethodWorker.run(TestMethodWorker.java:109)
at org.testng.TestRunner.privateRun(TestRunner.java:648)
at org.testng.TestRunner.run(TestRunner.java:505)
at org.testng.SuiteRunner.runTest(SuiteRunner.java:455)
at org.testng.SuiteRunner.runSequentially(SuiteRunner.java:450)
at org.testng.SuiteRunner.privateRun(SuiteRunner.java:415)
at org.testng.SuiteRunner.run(SuiteRunner.java:364)
at org.testng.SuiteRunnerWorker.runSuite(SuiteRunnerWorker.java:52)
at org.testng.SuiteRunnerWorker.run(SuiteRunnerWorker.java:84)
at org.testng.TestNG.runSuitesSequentially(TestNG.java:1208)
at org.testng.TestNG.runSuitesLocally(TestNG.java:1137)
at org.testng.TestNG.runSuites(TestNG.java:1049)
at org.testng.TestNG.run(TestNG.java:1017)
at org.testng.remote.AbstractRemoteTestNG.run(AbstractRemoteTestNG.java:114)
at org.testng.remote.RemoteTestNG.initAndRun(RemoteTestNG.java:251)
at org.testng.remote.RemoteTestNG.main(RemoteTestNG.java:77)
]]>
            </full-stacktrace>
          </exception> <!-- org.openqa.selenium.SessionNotCreatedException -->
          <reporter-output>
          </reporter-output>
        </test-method> <!-- OpenGoogle -->
        <test-method status="FAIL" signature="OpenFace()[pri:2, instance:System.DifferentBrowser@51efea79]" name="OpenFace" duration-ms="1498" started-at="2021-03-17T18:14:13Z" finished-at="2021-03-17T18:14:15Z">
          <exception class="org.openqa.selenium.SessionNotCreatedException">
            <message>
              <![CDATA[session not created: This version of ChromeDriver only supports Chrome version 87
Current browser version is 89.0.4389.82 with binary path C:\Program Files (x86)\Google\Chrome\Application\chrome.exe
Build info: version: '3.141.59', revision: 'e82be7d358', time: '2018-11-14T08:25:53'
System info: host: 'DESKTOP-A8AF0PQ', ip: '192.168.1.11', os.name: 'Windows 10', os.arch: 'amd64', os.version: '10.0', java.version: '1.8.0_281'
Driver info: driver.version: ChromeDriver
remote stacktrace: Backtrace:
Ordinal0 [0x0113C0C3+3326147]
Ordinal0 [0x01020851+2164817]
Ordinal0 [0x00EA7298+619160]
Ordinal0 [0x00E21D92+73106]
Ordinal0 [0x00E1E119+57625]
Ordinal0 [0x00E1C38A+50058]
Ordinal0 [0x00E45F3E+220990]
Ordinal0 [0x00E45CAC+220332]
Ordinal0 [0x00E4189B+202907]
Ordinal0 [0x00E23DF4+81396]
Ordinal0 [0x00E24DEE+85486]
Ordinal0 [0x00E24D79+85369]
Ordinal0 [0x010385DC+2262492]
GetHandleVerifier [0x012C2874+1487204]
GetHandleVerifier [0x012C23CD+1486013]
GetHandleVerifier [0x012CA368+1518680]
GetHandleVerifier [0x012C2F4E+1488958]
Ordinal0 [0x0102ED0D+2223373]
Ordinal0 [0x0103A12B+2269483]
Ordinal0 [0x0103A26F+2269807]
Ordinal0 [0x0104ECB8+2354360]
BaseThreadInitThunk [0x74D2FA29+25]
RtlGetAppContainerNamedObjectPath [0x76EC7C7E+286]
RtlGetAppContainerNamedObjectPath [0x76EC7C4E+238]
]]>
            </message>
            <full-stacktrace>
              <![CDATA[org.openqa.selenium.SessionNotCreatedException: session not created: This version of ChromeDriver only supports Chrome version 87
Current browser version is 89.0.4389.82 with binary path C:\Program Files (x86)\Google\Chrome\Application\chrome.exe
Build info: version: '3.141.59', revision: 'e82be7d358', time: '2018-11-14T08:25:53'
System info: host: 'DESKTOP-A8AF0PQ', ip: '192.168.1.11', os.name: 'Windows 10', os.arch: 'amd64', os.version: '10.0', java.version: '1.8.0_281'
Driver info: driver.version: ChromeDriver
remote stacktrace: Backtrace:
Ordinal0 [0x0113C0C3+3326147]
Ordinal0 [0x01020851+2164817]
Ordinal0 [0x00EA7298+619160]
Ordinal0 [0x00E21D92+73106]
Ordinal0 [0x00E1E119+57625]
Ordinal0 [0x00E1C38A+50058]
Ordinal0 [0x00E45F3E+220990]
Ordinal0 [0x00E45CAC+220332]
Ordinal0 [0x00E4189B+202907]
Ordinal0 [0x00E23DF4+81396]
Ordinal0 [0x00E24DEE+85486]
Ordinal0 [0x00E24D79+85369]
Ordinal0 [0x010385DC+2262492]
GetHandleVerifier [0x012C2874+1487204]
GetHandleVerifier [0x012C23CD+1486013]
GetHandleVerifier [0x012CA368+1518680]
GetHandleVerifier [0x012C2F4E+1488958]
Ordinal0 [0x0102ED0D+2223373]
Ordinal0 [0x0103A12B+2269483]
Ordinal0 [0x0103A26F+2269807]
Ordinal0 [0x0104ECB8+2354360]
BaseThreadInitThunk [0x74D2FA29+25]
RtlGetAppContainerNamedObjectPath [0x76EC7C7E+286]
RtlGetAppContainerNamedObjectPath [0x76EC7C4E+238]

at sun.reflect.NativeConstructorAccessorImpl.newInstance0(Native Method)
at sun.reflect.NativeConstructorAccessorImpl.newInstance(Unknown Source)
at sun.reflect.DelegatingConstructorAccessorImpl.newInstance(Unknown Source)
at java.lang.reflect.Constructor.newInstance(Unknown Source)
at org.openqa.selenium.remote.W3CHandshakeResponse.lambda$errorHandler$0(W3CHandshakeResponse.java:62)
at org.openqa.selenium.remote.HandshakeResponse.lambda$getResponseFunction$0(HandshakeResponse.java:30)
at org.openqa.selenium.remote.ProtocolHandshake.lambda$createSession$0(ProtocolHandshake.java:126)
at java.util.stream.ReferencePipeline$3$1.accept(Unknown Source)
at java.util.Spliterators$ArraySpliterator.tryAdvance(Unknown Source)
at java.util.stream.ReferencePipeline.forEachWithCancel(Unknown Source)
at java.util.stream.AbstractPipeline.copyIntoWithCancel(Unknown Source)
at java.util.stream.AbstractPipeline.copyInto(Unknown Source)
at java.util.stream.AbstractPipeline.wrapAndCopyInto(Unknown Source)
at java.util.stream.FindOps$FindOp.evaluateSequential(Unknown Source)
at java.util.stream.AbstractPipeline.evaluate(Unknown Source)
at java.util.stream.ReferencePipeline.findFirst(Unknown Source)
at org.openqa.selenium.remote.ProtocolHandshake.createSession(ProtocolHandshake.java:128)
at org.openqa.selenium.remote.ProtocolHandshake.createSession(ProtocolHandshake.java:74)
at org.openqa.selenium.remote.HttpCommandExecutor.execute(HttpCommandExecutor.java:136)
at org.openqa.selenium.remote.service.DriverCommandExecutor.execute(DriverCommandExecutor.java:83)
at org.openqa.selenium.remote.RemoteWebDriver.execute(RemoteWebDriver.java:552)
at org.openqa.selenium.remote.RemoteWebDriver.startSession(RemoteWebDriver.java:213)
at org.openqa.selenium.remote.RemoteWebDriver.<init>(RemoteWebDriver.java:131)
at org.openqa.selenium.chrome.ChromeDriver.<init>(ChromeDriver.java:181)
at org.openqa.selenium.chrome.ChromeDriver.<init>(ChromeDriver.java:168)
at org.openqa.selenium.chrome.ChromeDriver.<init>(ChromeDriver.java:123)
at System.DifferentBrowser.OpenFace(DifferentBrowser.java:20)
at sun.reflect.NativeMethodAccessorImpl.invoke0(Native Method)
at sun.reflect.NativeMethodAccessorImpl.invoke(Unknown Source)
at sun.reflect.DelegatingMethodAccessorImpl.invoke(Unknown Source)
at java.lang.reflect.Method.invoke(Unknown Source)
at org.testng.internal.MethodInvocationHelper.invokeMethod(MethodInvocationHelper.java:124)
at org.testng.internal.Invoker.invokeMethod(Invoker.java:583)
at org.testng.internal.Invoker.invokeTestMethod(Invoker.java:719)
at org.testng.internal.Invoker.invokeTestMethods(Invoker.java:989)
at org.testng.internal.TestMethodWorker.invokeTestMethods(TestMethodWorker.java:125)
at org.testng.internal.TestMethodWorker.run(TestMethodWorker.java:109)
at org.testng.TestRunner.privateRun(TestRunner.java:648)
at org.testng.TestRunner.run(TestRunner.java:505)
at org.testng.SuiteRunner.runTest(SuiteRunner.java:455)
at org.testng.SuiteRunner.runSequentially(SuiteRunner.java:450)
at org.testng.SuiteRunner.privateRun(SuiteRunner.java:415)
at org.testng.SuiteRunner.run(SuiteRunner.java:364)
at org.testng.SuiteRunnerWorker.runSuite(SuiteRunnerWorker.java:52)
at org.testng.SuiteRunnerWorker.run(SuiteRunnerWorker.java:84)
at org.testng.TestNG.runSuitesSequentially(TestNG.java:1208)
at org.testng.TestNG.runSuitesLocally(TestNG.java:1137)
at org.testng.TestNG.runSuites(TestNG.java:1049)
at org.testng.TestNG.run(TestNG.java:1017)
at org.testng.remote.AbstractRemoteTestNG.run(AbstractRemoteTestNG.java:114)
at org.testng.remote.RemoteTestNG.initAndRun(RemoteTestNG.java:251)
at org.testng.remote.RemoteTestNG.main(RemoteTestNG.java:77)
]]>
            </full-stacktrace>
          </exception> <!-- org.openqa.selenium.SessionNotCreatedException -->
          <reporter-output>
          </reporter-output>
        </test-method> <!-- OpenFace -->
        <test-method status="FAIL" signature="OpenBing()[pri:3, instance:System.DifferentBrowser@51efea79]" name="OpenBing" duration-ms="1667" started-at="2021-03-17T18:14:15Z" finished-at="2021-03-17T18:14:17Z">
          <exception class="org.openqa.selenium.SessionNotCreatedException">
            <message>
              <![CDATA[session not created: This version of ChromeDriver only supports Chrome version 87
Current browser version is 89.0.4389.82 with binary path C:\Program Files (x86)\Google\Chrome\Application\chrome.exe
Build info: version: '3.141.59', revision: 'e82be7d358', time: '2018-11-14T08:25:53'
System info: host: 'DESKTOP-A8AF0PQ', ip: '192.168.1.11', os.name: 'Windows 10', os.arch: 'amd64', os.version: '10.0', java.version: '1.8.0_281'
Driver info: driver.version: ChromeDriver
remote stacktrace: Backtrace:
Ordinal0 [0x0113C0C3+3326147]
Ordinal0 [0x01020851+2164817]
Ordinal0 [0x00EA7298+619160]
Ordinal0 [0x00E21D92+73106]
Ordinal0 [0x00E1E119+57625]
Ordinal0 [0x00E1C38A+50058]
Ordinal0 [0x00E45F3E+220990]
Ordinal0 [0x00E45CAC+220332]
Ordinal0 [0x00E4189B+202907]
Ordinal0 [0x00E23DF4+81396]
Ordinal0 [0x00E24DEE+85486]
Ordinal0 [0x00E24D79+85369]
Ordinal0 [0x010385DC+2262492]
GetHandleVerifier [0x012C2874+1487204]
GetHandleVerifier [0x012C23CD+1486013]
GetHandleVerifier [0x012CA368+1518680]
GetHandleVerifier [0x012C2F4E+1488958]
Ordinal0 [0x0102ED0D+2223373]
Ordinal0 [0x0103A12B+2269483]
Ordinal0 [0x0103A26F+2269807]
Ordinal0 [0x0104ECB8+2354360]
BaseThreadInitThunk [0x74D2FA29+25]
RtlGetAppContainerNamedObjectPath [0x76EC7C7E+286]
RtlGetAppContainerNamedObjectPath [0x76EC7C4E+238]
]]>
            </message>
            <full-stacktrace>
              <![CDATA[org.openqa.selenium.SessionNotCreatedException: session not created: This version of ChromeDriver only supports Chrome version 87
Current browser version is 89.0.4389.82 with binary path C:\Program Files (x86)\Google\Chrome\Application\chrome.exe
Build info: version: '3.141.59', revision: 'e82be7d358', time: '2018-11-14T08:25:53'
System info: host: 'DESKTOP-A8AF0PQ', ip: '192.168.1.11', os.name: 'Windows 10', os.arch: 'amd64', os.version: '10.0', java.version: '1.8.0_281'
Driver info: driver.version: ChromeDriver
remote stacktrace: Backtrace:
Ordinal0 [0x0113C0C3+3326147]
Ordinal0 [0x01020851+2164817]
Ordinal0 [0x00EA7298+619160]
Ordinal0 [0x00E21D92+73106]
Ordinal0 [0x00E1E119+57625]
Ordinal0 [0x00E1C38A+50058]
Ordinal0 [0x00E45F3E+220990]
Ordinal0 [0x00E45CAC+220332]
Ordinal0 [0x00E4189B+202907]
Ordinal0 [0x00E23DF4+81396]
Ordinal0 [0x00E24DEE+85486]
Ordinal0 [0x00E24D79+85369]
Ordinal0 [0x010385DC+2262492]
GetHandleVerifier [0x012C2874+1487204]
GetHandleVerifier [0x012C23CD+1486013]
GetHandleVerifier [0x012CA368+1518680]
GetHandleVerifier [0x012C2F4E+1488958]
Ordinal0 [0x0102ED0D+2223373]
Ordinal0 [0x0103A12B+2269483]
Ordinal0 [0x0103A26F+2269807]
Ordinal0 [0x0104ECB8+2354360]
BaseThreadInitThunk [0x74D2FA29+25]
RtlGetAppContainerNamedObjectPath [0x76EC7C7E+286]
RtlGetAppContainerNamedObjectPath [0x76EC7C4E+238]

at sun.reflect.NativeConstructorAccessorImpl.newInstance0(Native Method)
at sun.reflect.NativeConstructorAccessorImpl.newInstance(Unknown Source)
at sun.reflect.DelegatingConstructorAccessorImpl.newInstance(Unknown Source)
at java.lang.reflect.Constructor.newInstance(Unknown Source)
at org.openqa.selenium.remote.W3CHandshakeResponse.lambda$errorHandler$0(W3CHandshakeResponse.java:62)
at org.openqa.selenium.remote.HandshakeResponse.lambda$getResponseFunction$0(HandshakeResponse.java:30)
at org.openqa.selenium.remote.ProtocolHandshake.lambda$createSession$0(ProtocolHandshake.java:126)
at java.util.stream.ReferencePipeline$3$1.accept(Unknown Source)
at java.util.Spliterators$ArraySpliterator.tryAdvance(Unknown Source)
at java.util.stream.ReferencePipeline.forEachWithCancel(Unknown Source)
at java.util.stream.AbstractPipeline.copyIntoWithCancel(Unknown Source)
at java.util.stream.AbstractPipeline.copyInto(Unknown Source)
at java.util.stream.AbstractPipeline.wrapAndCopyInto(Unknown Source)
at java.util.stream.FindOps$FindOp.evaluateSequential(Unknown Source)
at java.util.stream.AbstractPipeline.evaluate(Unknown Source)
at java.util.stream.ReferencePipeline.findFirst(Unknown Source)
at org.openqa.selenium.remote.ProtocolHandshake.createSession(ProtocolHandshake.java:128)
at org.openqa.selenium.remote.ProtocolHandshake.createSession(ProtocolHandshake.java:74)
at org.openqa.selenium.remote.HttpCommandExecutor.execute(HttpCommandExecutor.java:136)
at org.openqa.selenium.remote.service.DriverCommandExecutor.execute(DriverCommandExecutor.java:83)
at org.openqa.selenium.remote.RemoteWebDriver.execute(RemoteWebDriver.java:552)
at org.openqa.selenium.remote.RemoteWebDriver.startSession(RemoteWebDriver.java:213)
at org.openqa.selenium.remote.RemoteWebDriver.<init>(RemoteWebDriver.java:131)
at org.openqa.selenium.chrome.ChromeDriver.<init>(ChromeDriver.java:181)
at org.openqa.selenium.chrome.ChromeDriver.<init>(ChromeDriver.java:168)
at org.openqa.selenium.chrome.ChromeDriver.<init>(ChromeDriver.java:123)
at System.DifferentBrowser.OpenBing(DifferentBrowser.java:27)
at sun.reflect.NativeMethodAccessorImpl.invoke0(Native Method)
at sun.reflect.NativeMethodAccessorImpl.invoke(Unknown Source)
at sun.reflect.DelegatingMethodAccessorImpl.invoke(Unknown Source)
at java.lang.reflect.Method.invoke(Unknown Source)
at org.testng.internal.MethodInvocationHelper.invokeMethod(MethodInvocationHelper.java:124)
at org.testng.internal.Invoker.invokeMethod(Invoker.java:583)
at org.testng.internal.Invoker.invokeTestMethod(Invoker.java:719)
at org.testng.internal.Invoker.invokeTestMethods(Invoker.java:989)
at org.testng.internal.TestMethodWorker.invokeTestMethods(TestMethodWorker.java:125)
at org.testng.internal.TestMethodWorker.run(TestMethodWorker.java:109)
at org.testng.TestRunner.privateRun(TestRunner.java:648)
at org.testng.TestRunner.run(TestRunner.java:505)
at org.testng.SuiteRunner.runTest(SuiteRunner.java:455)
at org.testng.SuiteRunner.runSequentially(SuiteRunner.java:450)
at org.testng.SuiteRunner.privateRun(SuiteRunner.java:415)
at org.testng.SuiteRunner.run(SuiteRunner.java:364)
at org.testng.SuiteRunnerWorker.runSuite(SuiteRunnerWorker.java:52)
at org.testng.SuiteRunnerWorker.run(SuiteRunnerWorker.java:84)
at org.testng.TestNG.runSuitesSequentially(TestNG.java:1208)
at org.testng.TestNG.runSuitesLocally(TestNG.java:1137)
at org.testng.TestNG.runSuites(TestNG.java:1049)
at org.testng.TestNG.run(TestNG.java:1017)
at org.testng.remote.AbstractRemoteTestNG.run(AbstractRemoteTestNG.java:114)
at org.testng.remote.RemoteTestNG.initAndRun(RemoteTestNG.java:251)
at org.testng.remote.RemoteTestNG.main(RemoteTestNG.java:77)
]]>
            </full-stacktrace>
          </exception> <!-- org.openqa.selenium.SessionNotCreatedException -->
          <reporter-output>
          </reporter-output>
        </test-method> <!-- OpenBing -->
      </class> <!-- System.DifferentBrowser -->
    </test> <!-- Default test -->
  </suite> <!-- Default suite -->
</testng-results>
